Using pre-set license
Built from '2020.3/release' branch; Version is '2020.3.1f1 (77a89f25062f) revision 7841951'; Using compiler version '192528614'; Build Type 'Release'
OS: 'Windows 10 Pro; OS build 18363.1440; Version 1909; 64bit' Language: 'ru' Physical Memory: 16343 MB
BatchMode: 1, IsHumanControllingUs: 0, StartBugReporterOnCrash: 0, Is64bit: 1, IsPro: 0

 COMMAND LINE ARGUMENTS:
C:\Program Files\Unity\Hub\Editor\2020.3.1f1\Editor\Unity.exe
-adb2
-batchMode
-noUpm
-name
AssetImportWorker0
-projectPath
D:/FallingWorld/Platforms
-logFile
Logs/AssetImportWorker0.log
-srvPort
49556
Successfully changed project path to: D:/FallingWorld/Platforms
D:/FallingWorld/Platforms
Using Asset Import Pipeline V2.
Refreshing native plugins compatible for Editor in 28.81 ms, found 0 plugins.
Preloading 0 native plugins for Editor in 0.00 ms.
Initialize engine version: 2020.3.1f1 (77a89f25062f)
[Subsystems] Discovering subsystems at path C:/Program Files/Unity/Hub/Editor/2020.3.1f1/Editor/Data/Resources/UnitySubsystems
[Subsystems] Discovering subsystems at path D:/FallingWorld/Platforms/Assets
GfxDevice: creating device client; threaded=0
Direct3D:
    Version:  Direct3D 11.0 [level 11.1]
    Renderer: NVIDIA GeForce GT 1030 (ID=0x1d01)
    Vendor:   
    VRAM:     1982 MB
    Driver:   27.21.14.5671
Initialize mono
Mono path[0] = 'C:/Program Files/Unity/Hub/Editor/2020.3.1f1/Editor/Data/Managed'
Mono path[1] = 'C:/Program Files/Unity/Hub/Editor/2020.3.1f1/Editor/Data/MonoBleedingEdge/lib/mono/unityjit'
Mono config path = 'C:/Program Files/Unity/Hub/Editor/2020.3.1f1/Editor/Data/MonoBleedingEdge/etc'
Using monoOptions --debugger-agent=transport=dt_socket,embedding=1,server=y,suspend=n,address=127.0.0.1:56588
Begin MonoManager ReloadAssembly
Registering precompiled unity dll's ...
Register platform support module: C:/Program Files/Unity/Hub/Editor/2020.3.1f1/Editor/Data/PlaybackEngines/WindowsStandaloneSupport/UnityEditor.WindowsStandalone.Extensions.dll
Registered in 0.002434 seconds.
Native extension for WindowsStandalone target not found
Refreshing native plugins compatible for Editor in 25.47 ms, found 0 plugins.
Preloading 0 native plugins for Editor in 0.00 ms.
Invoked RoslynAnalysisRunner static constructor.
RoslynAnalysisRunner will not be running.
RoslynAnalysisRunner has terminated.
Mono: successfully reloaded assembly
- Completed reload, in  2.393 seconds
Platform modules already initialized, skipping
Registering precompiled user dll's ...
Registered in 0.000595 seconds.
Begin MonoManager ReloadAssembly
Native extension for WindowsStandalone target not found
Refreshing native plugins compatible for Editor in 0.21 ms, found 0 plugins.
Preloading 0 native plugins for Editor in 0.00 ms.
Invoked RoslynAnalysisRunner static constructor.
RoslynAnalysisRunner will not be running.
RoslynAnalysisRunner has terminated.
Mono: successfully reloaded assembly
- Completed reload, in  0.891 seconds
Platform modules already initialized, skipping
========================================================================
Worker process is ready to serve import requests
Launched and connected shader compiler UnityShaderCompiler.exe after 0.07 seconds
Refreshing native plugins compatible for Editor in 0.22 ms, found 0 plugins.
Preloading 0 native plugins for Editor in 0.00 ms.
Unloading 1113 Unused Serialized files (Serialized files now loaded: 0)
System memory in use before: 56.8 MB.
System memory in use after: 56.9 MB.

Unloading 9 unused Assets to reduce memory usage. Loaded Objects now: 1556.
Total: 2.000200 ms (FindLiveObjects: 0.146200 ms CreateObjectMapping: 0.086600 ms MarkObjects: 1.658700 ms  DeleteObjects: 0.107300 ms)

========================================================================
Received Import Request.
  path: Assets
  artifactKey: Guid(00000000000000001000000000000000) Importer(815301076,1909f56bfc062723c751e8b465ee728b)
Start importing Assets using Guid(00000000000000001000000000000000) Importer(815301076,1909f56bfc062723c751e8b465ee728b)  -> (artifact id: 'a6374019befeac6ce670f13ba9960efb') in 0.004466 seconds
  Import took 0.006554 seconds .

========================================================================
Received Import Request.
  Time since last request: 0.000232 seconds.
  path: Assets/Scenes
  artifactKey: Guid(c4b7bedb2eefe244a830e7c13c5c3a58) Importer(815301076,1909f56bfc062723c751e8b465ee728b)
Start importing Assets/Scenes using Guid(c4b7bedb2eefe244a830e7c13c5c3a58) Importer(815301076,1909f56bfc062723c751e8b465ee728b)  -> (artifact id: 'd1f8f6050f2dc522f35566b08aab405f') in 0.001972 seconds
  Import took 0.003803 seconds .

========================================================================
Received Import Request.
  Time since last request: 6.155983 seconds.
  path: Assets/Scripts
  artifactKey: Guid(62586b3e4fedc524cbcf20488c87072b) Importer(815301076,1909f56bfc062723c751e8b465ee728b)
Start importing Assets/Scripts using Guid(62586b3e4fedc524cbcf20488c87072b) Importer(815301076,1909f56bfc062723c751e8b465ee728b)  -> (artifact id: '0b88548e0dd0ecf70cf8bcc17731e5b6') in 0.002818 seconds
  Import took 0.005075 seconds .

========================================================================
Received Import Request.
  Time since last request: 6.319859 seconds.
  path: Assets/Prefabs
  artifactKey: Guid(a1524016578a0274f85cbe2431571cb7) Importer(815301076,1909f56bfc062723c751e8b465ee728b)
Start importing Assets/Prefabs using Guid(a1524016578a0274f85cbe2431571cb7) Importer(815301076,1909f56bfc062723c751e8b465ee728b)  -> (artifact id: '2fdc42f993035dce52c9bfb09c48bd06') in 0.003077 seconds
  Import took 0.005464 seconds .

========================================================================
Received Import Request.
  Time since last request: 5.551862 seconds.
  path: Assets/Config
  artifactKey: Guid(6254e32fcd05a3a40ba1a6cc7c0943a6) Importer(815301076,1909f56bfc062723c751e8b465ee728b)
Start importing Assets/Config using Guid(6254e32fcd05a3a40ba1a6cc7c0943a6) Importer(815301076,1909f56bfc062723c751e8b465ee728b)  -> (artifact id: 'a6b45762b2b0402f95497790e3a07b5d') in 0.004339 seconds
  Import took 0.006588 seconds .

========================================================================
Received Import Request.
  Time since last request: 11.170201 seconds.
  path: Assets/Models
  artifactKey: Guid(c7230565f5e8d07418d39579a4566934) Importer(815301076,1909f56bfc062723c751e8b465ee728b)
Start importing Assets/Models using Guid(c7230565f5e8d07418d39579a4566934) Importer(815301076,1909f56bfc062723c751e8b465ee728b)  -> (artifact id: '09ac0d33163de777386e912b764e55b2') in 0.002564 seconds
  Import took 0.004683 seconds .

========================================================================
Received Import Request.
  Time since last request: 0.002272 seconds.
  path: Assets/Models
  artifactKey: Guid(c7230565f5e8d07418d39579a4566934) Importer(815301076,1909f56bfc062723c751e8b465ee728b)
Start importing Assets/Models using Guid(c7230565f5e8d07418d39579a4566934) Importer(815301076,1909f56bfc062723c751e8b465ee728b)  -> (artifact id: '09ac0d33163de777386e912b764e55b2') in 0.002839 seconds
  Import took 0.005228 seconds .

========================================================================
Received Import Request.
  Time since last request: 2887.846648 seconds.
  path: Assets/Plugins
  artifactKey: Guid(287d5b4e436772840a7cb001efa563e3) Importer(815301076,1909f56bfc062723c751e8b465ee728b)
Start importing Assets/Plugins using Guid(287d5b4e436772840a7cb001efa563e3) Importer(815301076,1909f56bfc062723c751e8b465ee728b)  -> (artifact id: '8fc9ce5e414b22c579068d514a70cce7') in 0.002567 seconds
  Import took 0.008676 seconds .

========================================================================
Received Import Request.
  Time since last request: 0.000676 seconds.
  path: Assets/Plugins
  artifactKey: Guid(287d5b4e436772840a7cb001efa563e3) Importer(815301076,1909f56bfc062723c751e8b465ee728b)
Start importing Assets/Plugins using Guid(287d5b4e436772840a7cb001efa563e3) Importer(815301076,1909f56bfc062723c751e8b465ee728b)  -> (artifact id: '8fc9ce5e414b22c579068d514a70cce7') in 0.002264 seconds
  Import took 0.004873 seconds .

========================================================================
Received Import Request.
  Time since last request: 399.813529 seconds.
  path: Assets/Scripts/Foundation
  artifactKey: Guid(caaf569bbdfabdb46bc789d37b2a8062) Importer(815301076,1909f56bfc062723c751e8b465ee728b)
Start importing Assets/Scripts/Foundation using Guid(caaf569bbdfabdb46bc789d37b2a8062) Importer(815301076,1909f56bfc062723c751e8b465ee728b)  -> (artifact id: 'e6b8ae2e6e776b67771c8191aa333049') in 0.003025 seconds
  Import took 0.005604 seconds .

========================================================================
Received Import Request.
  Time since last request: 0.010648 seconds.
  path: Assets/Scripts/Foundation
  artifactKey: Guid(caaf569bbdfabdb46bc789d37b2a8062) Importer(815301076,1909f56bfc062723c751e8b465ee728b)
Start importing Assets/Scripts/Foundation using Guid(caaf569bbdfabdb46bc789d37b2a8062) Importer(815301076,1909f56bfc062723c751e8b465ee728b)  -> (artifact id: 'e6b8ae2e6e776b67771c8191aa333049') in 0.002681 seconds
  Import took 0.004917 seconds .

========================================================================
Received Import Request.
  Time since last request: 1.581043 seconds.
  path: Assets/Scripts/Foundation/Assembly-Foundation.asmdef
  artifactKey: Guid(e7f284bfe8f2b7a418f895ae4d133a0f) Importer(815301076,1909f56bfc062723c751e8b465ee728b)
Start importing Assets/Scripts/Foundation/Assembly-Foundation.asmdef using Guid(e7f284bfe8f2b7a418f895ae4d133a0f) Importer(815301076,1909f56bfc062723c751e8b465ee728b)  -> (artifact id: '09ad14da2661ee2adc06e03129eab5ba') in 0.062268 seconds
  Import took 0.064460 seconds .

========================================================================
Received Import Request.
  Time since last request: 28.924890 seconds.
  path: Assets/Plugins/DOTween
  artifactKey: Guid(c05c8931d0199aa4e9282ae0982e86c7) Importer(815301076,1909f56bfc062723c751e8b465ee728b)
Start importing Assets/Plugins/DOTween using Guid(c05c8931d0199aa4e9282ae0982e86c7) Importer(815301076,1909f56bfc062723c751e8b465ee728b)  -> (artifact id: '49b157626f070818b1c6bcfb501fd879') in 0.003311 seconds
  Import took 0.005859 seconds .

========================================================================
Received Import Request.
  Time since last request: 1.099848 seconds.
  path: Assets/Plugins/DOTween/DOTween.dll
  artifactKey: Guid(ae996e911dbf1554eb7d885ef373de1e) Importer(815301076,1909f56bfc062723c751e8b465ee728b)
Start importing Assets/Plugins/DOTween/DOTween.dll using Guid(ae996e911dbf1554eb7d885ef373de1e) Importer(815301076,1909f56bfc062723c751e8b465ee728b)  -> (artifact id: '551b146179960931e52275ffaff77e99') in 0.012128 seconds
  Import took 0.014069 seconds .

========================================================================
Received Import Request.
  Time since last request: 0.014975 seconds.
  path: Assets/Plugins/DOTween/DOTween.dll
  artifactKey: Guid(ae996e911dbf1554eb7d885ef373de1e) Importer(815301076,1909f56bfc062723c751e8b465ee728b)
Start importing Assets/Plugins/DOTween/DOTween.dll using Guid(ae996e911dbf1554eb7d885ef373de1e) Importer(815301076,1909f56bfc062723c751e8b465ee728b)  -> (artifact id: '551b146179960931e52275ffaff77e99') in 0.002018 seconds
  Import took 0.004070 seconds .

========================================================================
Received Import Request.
  Time since last request: 2.917168 seconds.
  path: Assets/Plugins/DOTween/DOTween.dll.mdb
  artifactKey: Guid(df9c3f33b9010044abb003e9f56bed9f) Importer(815301076,1909f56bfc062723c751e8b465ee728b)
Start importing Assets/Plugins/DOTween/DOTween.dll.mdb using Guid(df9c3f33b9010044abb003e9f56bed9f) Importer(815301076,1909f56bfc062723c751e8b465ee728b)  -> (artifact id: '59140e06742930c6531b4b985655e372') in 0.049854 seconds
  Import took 0.052246 seconds .

========================================================================
Received Import Request.
  Time since last request: 0.420905 seconds.
  path: Assets/Plugins/DOTween/DOTween.XML
  artifactKey: Guid(e6ee82bce5f137b4c9385f5f1b229ff2) Importer(815301076,1909f56bfc062723c751e8b465ee728b)
Start importing Assets/Plugins/DOTween/DOTween.XML using Guid(e6ee82bce5f137b4c9385f5f1b229ff2) Importer(815301076,1909f56bfc062723c751e8b465ee728b)  -> (artifact id: '38bb744624546b12426cc9a4412998bc') in 0.016033 seconds
  Import took 0.018734 seconds .

========================================================================
Received Import Request.
  Time since last request: 0.000890 seconds.
  path: Assets/Plugins/DOTween/DOTween.XML
  artifactKey: Guid(e6ee82bce5f137b4c9385f5f1b229ff2) Importer(815301076,1909f56bfc062723c751e8b465ee728b)
Start importing Assets/Plugins/DOTween/DOTween.XML using Guid(e6ee82bce5f137b4c9385f5f1b229ff2) Importer(815301076,1909f56bfc062723c751e8b465ee728b)  -> (artifact id: '38bb744624546b12426cc9a4412998bc') in 0.007664 seconds
  Import took 0.010621 seconds .

========================================================================
Received Import Request.
  Time since last request: 1.745270 seconds.
  path: Assets/Plugins/DOTween/Modules
  artifactKey: Guid(7b12b90689b3a2344b6549976ea371cc) Importer(815301076,1909f56bfc062723c751e8b465ee728b)
Start importing Assets/Plugins/DOTween/Modules using Guid(7b12b90689b3a2344b6549976ea371cc) Importer(815301076,1909f56bfc062723c751e8b465ee728b)  -> (artifact id: '9986f37e96cdf32a2a6c0e019fff40b1') in 0.002913 seconds
  Import took 0.005224 seconds .

========================================================================
Received Import Request.
  Time since last request: 627.485878 seconds.
  path: Assets/Plugins/Zenject
  artifactKey: Guid(af4a638e5db9d8649a981064d9f7a50c) Importer(815301076,1909f56bfc062723c751e8b465ee728b)
Start importing Assets/Plugins/Zenject using Guid(af4a638e5db9d8649a981064d9f7a50c) Importer(815301076,1909f56bfc062723c751e8b465ee728b)  -> (artifact id: 'e647bcc210e994f7c68216b1bb5c7dcc') in 0.003025 seconds
  Import took 0.005692 seconds .

========================================================================
Received Import Request.
  Time since last request: 0.518016 seconds.
  path: Assets/Plugins/TextMeshPro
  artifactKey: Guid(a28b4f0ed78136b45906b0ebe0552907) Importer(815301076,1909f56bfc062723c751e8b465ee728b)
Start importing Assets/Plugins/TextMeshPro using Guid(a28b4f0ed78136b45906b0ebe0552907) Importer(815301076,1909f56bfc062723c751e8b465ee728b)  -> (artifact id: 'e9371b10e7d5887cf57f7f7340292f9f') in 0.003129 seconds
  Import took 0.005586 seconds .

========================================================================
Received Import Request.
  Time since last request: 0.428539 seconds.
  path: Assets/Plugins/Demigiant
  artifactKey: Guid(2058eb4e48e353b46bc284484802807f) Importer(815301076,1909f56bfc062723c751e8b465ee728b)
Start importing Assets/Plugins/Demigiant using Guid(2058eb4e48e353b46bc284484802807f) Importer(815301076,1909f56bfc062723c751e8b465ee728b)  -> (artifact id: '05f9d87a716af01b6cab5cac90634ce7') in 0.002871 seconds
  Import took 0.005290 seconds .

========================================================================
Received Import Request.
  Time since last request: 178.525660 seconds.
  path: Assets/Scripts/AStar
  artifactKey: Guid(ba816398282fb1e419ce92c84fe1d981) Importer(815301076,1909f56bfc062723c751e8b465ee728b)
Start importing Assets/Scripts/AStar using Guid(ba816398282fb1e419ce92c84fe1d981) Importer(815301076,1909f56bfc062723c751e8b465ee728b)  -> (artifact id: '04c5cd66f085aa4103eb6d2057f8cf73') in 0.002943 seconds
  Import took 0.005239 seconds .

========================================================================
Received Import Request.
  Time since last request: 0.641589 seconds.
  path: Assets/Scripts/Foundation.Editor
  artifactKey: Guid(c1dbba933450c4e4eba5cd7b5e4dee91) Importer(815301076,1909f56bfc062723c751e8b465ee728b)
Start importing Assets/Scripts/Foundation.Editor using Guid(c1dbba933450c4e4eba5cd7b5e4dee91) Importer(815301076,1909f56bfc062723c751e8b465ee728b)  -> (artifact id: 'f03d85a94fe86234c31d2bf1057198ff') in 0.045922 seconds
  Import took 0.048288 seconds .

AssetImportWorkerClient::OnTransportError - code=2 error=End of file
